<?xml version="1.0" encoding="UTF-8"?>
<!-- Generated by org.testng.reporters.JUnitReportReporter -->
<testsuite hostname="Nilmie" failures="0" tests="1" name="Selenium.Selenium" time="16.254" errors="0" timestamp="14 Oct 2018 04:14:18 GMT" skipped="0">
  <testcase classname="Selenium.Selenium" name="testSearch" time="16.254"/>
</testsuite> <!-- Selenium.Selenium -->
